2016-08-30T07:07:48.677+0000 [DataFileSync] BackgroundJob starting: DataFileSync
2016-08-30T07:07:48.677+0000 shardKeyTest passed
2016-08-30T07:07:48.677+0000 isInRangeTest passed
2016-08-30T07:07:48.677+0000 shardObjTest passed
2016-08-30T07:07:48.678+0000 [initandlisten] MongoDB starting : pid=5582 port=27017 dbpath=/home/ubuntu/workspace/data 64-bit host=trials-bpm-3697173
2016-08-30T07:07:48.678+0000 [initandlisten] db version v2.6.12
2016-08-30T07:07:48.678+0000 [initandlisten] git version: d73c92b1c85703828b55c2916a5dd4ad46535f6a
2016-08-30T07:07:48.678+0000 [initandlisten] build info: Linux build5.ny.cbi.10gen.cc 2.6.32-431.3.1.el6.x86_64 #1 SMP Fri Jan 3 21:39:27 UTC 2014 x86_64 BOOST_LIB_VERSION=1_49
2016-08-30T07:07:48.678+0000 [initandlisten] allocator: tcmalloc
2016-08-30T07:07:48.678+0000 [initandlisten] options: { net: { bindIp: "0.0.0.0", http: { RESTInterfaceEnabled: true, enabled: true } }, processManagement: { fork: true }, storage: { dbPath: "/home/ubuntu/workspace/data", journal: { enabled: false } }, systemLog: { destination: "file", logAppend: true, path: "/home/ubuntu/workspace/mongod.log", verbosity: 1 } }
2016-08-30T07:07:48.685+0000 [initandlisten] flushing directory /home/ubuntu/workspace/data
2016-08-30T07:07:48.688+0000 [initandlisten] opening db:  local
2016-08-30T07:07:48.710+0000 [initandlisten] enter repairDatabases (to check pdfile version #)
2016-08-30T07:07:48.710+0000 [initandlisten] 	local
2016-08-30T07:07:48.728+0000 [initandlisten] done repairDatabases
2016-08-30T07:07:48.728+0000 [initandlisten] opening db:  admin
2016-08-30T07:07:48.729+0000 [initandlisten] query admin.system.roles planSummary: EOF ntoreturn:0 ntoskip:0 nscanned:0 nscannedObjects:0 keyUpdates:0 numYields:0 locks(micros) W:209 r:97 nreturned:0 reslen:20 0ms
2016-08-30T07:07:48.729+0000 [snapshot] BackgroundJob starting: snapshot
2016-08-30T07:07:48.729+0000 [ClientCursorMonitor] BackgroundJob starting: ClientCursorMonitor
2016-08-30T07:07:48.729+0000 [PeriodicTaskRunner] BackgroundJob starting: PeriodicTaskRunner
2016-08-30T07:07:48.729+0000 [TTLMonitor] BackgroundJob starting: TTLMonitor
2016-08-30T07:07:48.731+0000 [initandlisten] fd limit hard:8192 soft:8192 max conn: 6553
2016-08-30T07:07:48.731+0000 [IndexRebuilder] BackgroundJob starting: IndexRebuilder
2016-08-30T07:07:48.731+0000 [IndexRebuilder] opening db:  local
2016-08-30T07:07:48.731+0000 [initandlisten] fd limit hard:8192 soft:8192 max conn: 6553
2016-08-30T07:07:48.732+0000 [initandlisten] create collection local.startup_log { size: 10485760, capped: true }
2016-08-30T07:07:48.734+0000 [initandlisten] command local.$cmd command: create { create: "startup_log", size: 10485760, capped: true } ntoreturn:1 keyUpdates:0 numYields:0  reslen:75 1ms
2016-08-30T07:07:48.734+0000 [initandlisten] insert local.startup_log ninserted:1 keyUpdates:0 numYields:0  0ms
2016-08-30T07:07:48.734+0000 [initandlisten] waiting for connections on port 27017
2016-08-30T07:07:48.734+0000 [websvr] admin web console waiting for connections on port 28017
2016-08-30T07:07:48.817+0000 [IndexRebuilder] checking complete
2016-08-30T07:07:56.332+0000 [signalProcessingThread] got signal 15 (Terminated), will terminate after current cmd ends
2016-08-30T07:07:56.332+0000 [signalProcessingThread] now exiting
2016-08-30T07:07:56.332+0000 [signalProcessingThread] dbexit: 
2016-08-30T07:07:56.332+0000 [signalProcessingThread] shutdown: going to close listening sockets...
2016-08-30T07:07:56.332+0000 [signalProcessingThread] closing listening socket: 6
2016-08-30T07:07:56.332+0000 [signalProcessingThread] closing listening socket: 7
2016-08-30T07:07:56.332+0000 [signalProcessingThread] closing listening socket: 9
2016-08-30T07:07:56.332+0000 [signalProcessingThread] removing socket file: /tmp/mongodb-27017.sock
2016-08-30T07:07:56.332+0000 [signalProcessingThread] shutdown: going to flush diaglog...
2016-08-30T07:07:56.332+0000 [signalProcessingThread] shutdown: going to close sockets...
2016-08-30T07:07:56.332+0000 [signalProcessingThread] shutdown: waiting for fs preallocator...
2016-08-30T07:07:56.332+0000 [signalProcessingThread] shutdown: closing all files...
2016-08-30T07:07:56.333+0000 [signalProcessingThread] closeAllFiles() finished
2016-08-30T07:07:56.333+0000 [signalProcessingThread] shutdown: removing fs lock...
2016-08-30T07:07:56.333+0000 [signalProcessingThread] dbexit: really exiting now
