2016-09-13 05:20:18 68951 GET /login 200 16.663 2173 {}
2016-09-13 05:20:26 68952 POST /signin 302 429.405 56 {"username":"afa","password":"afaaaa"}
2016-09-13 05:20:26 68952 GET /login 200 8.431 2179 {}
2016-09-13 05:20:33 68953 POST /signin 302 293.177 56 {"username":"afaasdasd","password":"afa"}
2016-09-13 05:20:33 68953 GET /login 200 9.568 2179 {}
2016-09-13 05:33:56 71261 GET /login 200 16.744 2173 {}
2016-09-13 05:34:03 71264 GET /login 200 15.483 2173 {}
2016-09-13 05:34:26 71261 GET /login 200 3.417 2173 {}
2016-09-13 05:34:38 71367 GET /login 200 15.608 2173 {}
2016-09-13 05:38:12 71963 GET /login 200 15.453 2173 {}
2016-09-13 05:38:15 71960 POST /signin 302 674.479 46 {"username":"afa","password":"afa"}
2016-09-13 05:38:16 71960 GET / 200 1200.230 8894 {}
2016-09-13 05:38:22 71962 GET /termspolicy 200 1062.625 1396 {}
2016-09-13 05:38:25 71963 GET /about 200 1011.267 1378 {}
2016-09-13 05:38:28 71961 GET /contact 200 1046.537 1378 {}
2016-09-13 05:38:32 71962 GET /login 302 1340.575 46 {}
2016-09-13 05:38:33 71962 GET / 200 1118.233 8894 {}
2016-09-13 05:38:36 71962 GET /about 200 993.040 1378 {}
2016-09-13 05:38:39 71960 GET /registration 403 1197.440 1565 {}
2016-09-13 05:38:40 71962 GET /js/jquery-2.1.1.js 404 1135.227 3431 {}
2016-09-13 05:38:40 71960 GET /js/bootstrap.min.js 404 1132.124 3431 {}
2016-09-13 05:38:56 71960 GET / 304 1074.330 - {}
2016-09-13 05:40:43 72395 GET / 304 975.115 - {}
2016-09-13 05:40:46 72394 GET /about 304 948.101 - {}
2016-09-13 05:40:50 72394 GET /login 302 929.140 46 {}
2016-09-13 05:40:50 72394 GET / 304 892.370 - {}
2016-09-13 05:40:53 72395 GET /about 304 929.617 - {}
2016-09-13 05:40:57 72394 GET /termspolicy 304 984.117 - {}
2016-09-13 05:40:59 72393 GET /contact 304 936.568 - {}
2016-09-13 05:45:14 72825 GET /contact 500 940.722 3562 {}
2016-09-13 05:45:16 72825 GET /js/jquery-2.1.1.js 404 1439.747 3431 {}
2016-09-13 05:45:16 72825 GET /js/bootstrap.min.js 404 1732.993 3431 {}
2016-09-13 05:48:35 73740 GET /contact 500 1228.793 3562 {}
2016-09-13 05:48:39 73740 GET /js/jquery-2.1.1.js 404 4216.260 3431 {}
2016-09-13 05:48:40 73740 GET /js/bootstrap.min.js 404 4457.783 3431 {}
2016-09-13 05:49:35 73922 GET /about 200 1377.269 1209 {}
2016-09-13 05:50:24 74059 GET /about 304 1097.934 - {}
2016-09-13 05:50:29 74058 GET /termspolicy 200 1229.201 1227 {}
2016-09-13 05:51:31 74059 GET /termspolicy 304 1211.879 - {}
2016-09-13 05:51:36 74060 GET /termspolicy 304 1198.304 - {}
2016-09-13 05:51:40 74060 GET /about 200 1685.873 1274 {}
2016-09-13 05:52:33 74060 GET /askjdajhsd 404 1439.300 3431 {}
2016-09-13 05:52:34 74059 GET /js/bootstrap.min.js 404 813.054 3431 {}
2016-09-13 05:52:34 74058 GET /js/jquery-2.1.1.js 404 852.153 3431 {}
2016-09-13 05:52:36 74058 GET /js/bootstrap.min.js 404 1073.081 3431 {}
2016-09-13 05:52:46 74058 GET /about 200 1066.453 1274 {}
2016-09-13 05:56:13 74059 GET /about 200 2572.417 1275 {}
2016-09-13 05:56:28 74058 GET /about 200 865.219 1313 {}
2016-09-13 05:56:45 74060 GET /about 500 1121.824 3541 {}
2016-09-13 05:56:46 74059 GET /js/jquery-2.1.1.js 404 908.906 3431 {}
2016-09-13 05:56:46 74061 GET /js/bootstrap.min.js 404 978.874 3431 {}
2016-09-13 05:57:15 74061 GET / 200 1102.712 8894 {}
2016-09-13 05:57:19 74060 GET /about 200 1238.089 1313 {}
2016-09-13 05:57:23 74059 GET /contact 200 1160.071 1313 {}
2016-09-13 05:57:26 74058 GET /about 200 1208.615 1313 {}
2016-09-13 05:57:29 74059 GET /termspolicy 200 1084.133 1331 {}
2016-09-13 05:57:33 74060 GET / 200 1694.699 8894 {}
